<?xml version="1.0" encoding="UTF-8"?>
<!-- Generated by org.testng.reporters.JUnitXMLReporter -->
<testsuite hostname="Admin-PC" name="Appium Test Set" tests="5" failures="0" timestamp="14 Jan 2020 19:13:00 GMT" time="290.902" errors="0">
  <testcase name="dialCallNumbersTest" time="49.696" classname="com.appium.android.Tests.DialCallNumbersTest"/>
  <testcase name="sendMessageTest" time="50.948" classname="com.appium.android.Tests.SendMessageTest"/>
  <testcase name="additionOfTwoNumbersTest" time="5.304" classname="com.appium.android.Tests.CalculatorTest"/>
  <testcase name="multiplicationOfTwoNumbersTest" time="4.483" classname="com.appium.android.Tests.CalculatorTest"/>
  <testcase name="verticalScrollingTest" time="49.643" classname="com.appium.android.Tests.VerticalScrollingTest"/>
</testsuite> <!-- Appium Test Set -->
