<?xml version="1.0" encoding="UTF-8"?>
<testng-results skipped="0" failed="0" total="1" passed="1">
  <reporter-output>
  </reporter-output>
  <suite name="Default suite" duration-ms="69683" started-at="2020-01-19T15:16:15Z" finished-at="2020-01-19T15:17:25Z">
    <groups>
    </groups>
    <test name="Default test" duration-ms="69683" started-at="2020-01-19T15:16:15Z" finished-at="2020-01-19T15:17:25Z">
      <class name="com.appium.android.Tests.VerticalScrollingTest">
        <test-method status="PASS" signature="openAPIDemos()[pri:0, instance:com.appium.android.Tests.VerticalScrollingTest@2038ae61]" name="openAPIDemos" is-config="true" duration-ms="14533" started-at="2020-01-19T20:46:15Z" finished-at="2020-01-19T20:46:30Z">
          <reporter-output>
          </reporter-output>
        </test-method> <!-- openAPIDemos -->
        <test-method status="PASS" signature="verticalScrollingTest()[pri:1, instance:com.appium.android.Tests.VerticalScrollingTest@2038ae61]" name="verticalScrollingTest" duration-ms="50662" started-at="2020-01-19T20:46:30Z" finished-at="2020-01-19T20:47:21Z">
          <reporter-output>
          </reporter-output>
        </test-method> <!-- verticalScrollingTest -->
        <test-method status="PASS" signature="closeAPIDemos()[pri:0, instance:com.appium.android.Tests.VerticalScrollingTest@2038ae61]" name="closeAPIDemos" is-config="true" duration-ms="4444" started-at="2020-01-19T20:47:21Z" finished-at="2020-01-19T20:47:25Z">
          <reporter-output>
          </reporter-output>
        </test-method> <!-- closeAPIDemos -->
      </class> <!-- com.appium.android.Tests.VerticalScrollingTest -->
    </test> <!-- Default test -->
  </suite> <!-- Default suite -->
</testng-results>
